<?xml version="1.0" encoding="UTF-8" ?>
<testsuite tests="5" failures="0" name="com.andreabrioschi.bikesharing.database.DatabaseInteractionTest" time="0.656" errors="0" skipped="0">
  <properties>
[...]
</properties>
  <testcase classname="com.andreabrioschi.bikesharing.database.DatabaseInteractionTest" name="com.andreabrioschi.bikesharing.database.DatabaseInteractionTest.testLogin" time="0.568"/>
  <testcase classname="com.andreabrioschi.bikesharing.database.DatabaseInteractionTest" name="com.andreabrioschi.bikesharing.database.DatabaseInteractionTest.testRegistrazione" time="0.025"/>
  <testcase classname="com.andreabrioschi.bikesharing.database.DatabaseInteractionTest" name="com.andreabrioschi.bikesharing.database.DatabaseInteractionTest.testEliminaUtente" time="0.02"/>
  <testcase classname="com.andreabrioschi.bikesharing.database.DatabaseInteractionTest" name="com.andreabrioschi.bikesharing.database.DatabaseInteractionTest.testSgancia" time="0.015"/>
  <testcase classname="com.andreabrioschi.bikesharing.database.DatabaseInteractionTest" name="com.andreabrioschi.bikesharing.database.DatabaseInteractionTest.testAggancia" time="0.028"/>
</testsuite>